<?xml version="1.0" encoding="UTF-8"?>
<!-- Generated by org.testng.reporters.JUnitXMLReporter -->
<testsuite ignored="0" hostname="Necr0n" failures="0" tests="4" name="Test" time="91.88" errors="0" timestamp="18 Aug 2019 05:22:50 GMT">
  <testcase classname="Academy.ValidateNavContactsTest" name="validateNavBarContacts" time="18.845"/>
  <testcase classname="Academy.AppTest" name="basePageNavigation" time="27.346"/>
  <testcase classname="Academy.AppTest" name="basePageNavigation" time="25.952"/>
  <testcase classname="Academy.ValidateFeatureTitleTest" name="validateTitle" time="19.658"/>
</testsuite> <!-- Test -->
