<?xml version="1.0" encoding="UTF-8"?>
<testng-results ignored="0" total="4" passed="4" failed="0" skipped="0">
  <reporter-output>
  </reporter-output>
  <suite started-at="2019-08-19T10:12:16Z" name="TestSuite" finished-at="2019-08-19T10:13:22Z" duration-ms="65400">
    <groups>
    </groups>
    <test started-at="2019-08-19T10:12:16Z" name="Validate Login" finished-at="2019-08-19T10:12:47Z" duration-ms="30264">
      <class name="Academy.ValidateLogin">
        <test-method is-config="true" signature="initializeD()[pri:0, instance:Academy.ValidateLogin@221af3c0]" started-at="2019-08-19T10:12:16Z" name="initializeD" finished-at="2019-08-19T10:12:20Z" duration-ms="3931" status="PASS">
          <reporter-output>
          </reporter-output>
        </test-method> <!-- initializeD -->
        <test-method signature="basePageNavigation(java.lang.String, java.lang.String, java.lang.String, java.lang.String)[pri:0, instance:Academy.ValidateLogin@221af3c0]" started-at="2019-08-19T10:12:20Z" name="basePageNavigation" data-provider="getData" finished-at="2019-08-19T10:12:38Z" duration-ms="17967" status="PASS">
          <params>
            <param index="0">
              <value>
                <![CDATA[RestrictedUser@gc.co]]>
              </value>
            </param>
            <param index="1">
              <value>
                <![CDATA[1234142]]>
              </value>
            </param>
            <param index="2">
              <value>
                <![CDATA[Restricted User]]>
              </value>
            </param>
            <param index="3">
              <value>
                <![CDATA[http://www.qaclickacademy.com]]>
              </value>
            </param>
          </params>
          <reporter-output>
          </reporter-output>
        </test-method> <!-- basePageNavigation -->
        <test-method signature="basePageNavigation(java.lang.String, java.lang.String, java.lang.String, java.lang.String)[pri:0, instance:Academy.ValidateLogin@221af3c0]" started-at="2019-08-19T10:12:38Z" name="basePageNavigation" data-provider="getData" finished-at="2019-08-19T10:12:46Z" duration-ms="7389" status="PASS">
          <params>
            <param index="0">
              <value>
                <![CDATA[Non-RestrictedUser@cs.com]]>
              </value>
            </param>
            <param index="1">
              <value>
                <![CDATA[54321]]>
              </value>
            </param>
            <param index="2">
              <value>
                <![CDATA[Non-Restricted User]]>
              </value>
            </param>
            <param index="3">
              <value>
                <![CDATA[http://www.qaclickacademy.com]]>
              </value>
            </param>
          </params>
          <reporter-output>
          </reporter-output>
        </test-method> <!-- basePageNavigation -->
        <test-method is-config="true" signature="driverClose()[pri:0, instance:Academy.ValidateLogin@221af3c0]" started-at="2019-08-19T10:12:46Z" name="driverClose" finished-at="2019-08-19T10:12:47Z" duration-ms="934" status="PASS">
          <reporter-output>
          </reporter-output>
        </test-method> <!-- driverClose -->
      </class> <!-- Academy.ValidateLogin -->
    </test> <!-- Validate Login -->
    <test started-at="2019-08-19T10:12:47Z" name="Validate Contact Navigation" finished-at="2019-08-19T10:13:05Z" duration-ms="18000">
      <class name="Academy.ValidateNavContactsTest">
        <test-method is-config="true" signature="initializeD()[pri:0, instance:Academy.ValidateNavContactsTest@3b2c72c2]" started-at="2019-08-19T10:12:47Z" name="initializeD" finished-at="2019-08-19T10:13:04Z" duration-ms="17676" status="PASS">
          <reporter-output>
          </reporter-output>
        </test-method> <!-- initializeD -->
        <test-method signature="validateNavBarContacts()[pri:0, instance:Academy.ValidateNavContactsTest@3b2c72c2]" started-at="2019-08-19T10:13:04Z" name="validateNavBarContacts" finished-at="2019-08-19T10:13:05Z" duration-ms="100" status="PASS">
          <reporter-output>
          </reporter-output>
        </test-method> <!-- validateNavBarContacts -->
        <test-method is-config="true" signature="driverClose()[pri:0, instance:Academy.ValidateNavContactsTest@3b2c72c2]" started-at="2019-08-19T10:13:05Z" name="driverClose" finished-at="2019-08-19T10:13:05Z" duration-ms="224" status="PASS">
          <reporter-output>
          </reporter-output>
        </test-method> <!-- driverClose -->
      </class> <!-- Academy.ValidateNavContactsTest -->
    </test> <!-- Validate Contact Navigation -->
    <test started-at="2019-08-19T10:13:05Z" name="Validate Title" finished-at="2019-08-19T10:13:22Z" duration-ms="17007">
      <class name="Academy.ValidateFeatureTitleTest">
        <test-method is-config="true" signature="initializeD()[pri:0, instance:Academy.ValidateFeatureTitleTest@18a70f16]" started-at="2019-08-19T10:13:05Z" name="initializeD" finished-at="2019-08-19T10:13:22Z" duration-ms="16705" status="PASS">
          <reporter-output>
          </reporter-output>
        </test-method> <!-- initializeD -->
        <test-method signature="validateTitle()[pri:0, instance:Academy.ValidateFeatureTitleTest@18a70f16]" started-at="2019-08-19T10:13:22Z" name="validateTitle" finished-at="2019-08-19T10:13:22Z" duration-ms="80" status="PASS">
          <reporter-output>
          </reporter-output>
        </test-method> <!-- validateTitle -->
        <test-method is-config="true" signature="driverClose()[pri:0, instance:Academy.ValidateFeatureTitleTest@18a70f16]" started-at="2019-08-19T10:13:22Z" name="driverClose" finished-at="2019-08-19T10:13:22Z" duration-ms="220" status="PASS">
          <reporter-output>
          </reporter-output>
        </test-method> <!-- driverClose -->
      </class> <!-- Academy.ValidateFeatureTitleTest -->
    </test> <!-- Validate Title -->
  </suite> <!-- TestSuite -->
</testng-results>
