<?xml version="1.0" encoding="UTF-8"?>
<testsuite xmlns:xsi="http://www.w3.org/2001/XMLSchema-instance" xsi:noNamespaceSchemaLocation="https://maven.apache.org/surefire/maven-surefire-plugin/xsd/surefire-test-report-3.0.xsd" version="3.0" name="TestSuite" time="66.98" tests="4" errors="0" skipped="0" failures="0">
  <properties>
[...]
</properties>
  <testcase name="basePageNavigation" classname="Academy.ValidateLogin" time="17.97"/>
  <testcase name="basePageNavigation" classname="Academy.ValidateLogin" time="7.387"/>
  <testcase name="validateNavBarContacts" classname="Academy.ValidateNavContactsTest" time="0.093"/>
  <testcase name="validateTitle" classname="Academy.ValidateFeatureTitleTest" time="0.08"/>
</testsuite>